<?xml version="1.0" encoding="UTF-8"?>
<testsuite xmlns:xsi="http://www.w3.org/2001/XMLSchema-instance" xsi:noNamespaceSchemaLocation="https://maven.apache.org/surefire/maven-surefire-plugin/xsd/surefire-test-report.xsd" version="3.0.2" name="com.duoc.backend.WebSecurityConfigTest" time="2.583" tests="6" errors="0" skipped="0" failures="0">
  <properties>
[...]
</properties>
  <testcase name="shouldAllowGetLoginWithoutAuthentication" classname="com.duoc.backend.WebSecurityConfigTest" time="0.098">
    <system-out><![CDATA[08:29:08.682 [main] INFO org.springframework.test.context.support.AnnotationConfigContextLoaderUtils -- Could not detect default configuration classes for test class [com.duoc.backend.WebSecurityConfigTest]: WebSecurityConfigTest does not declare any static, non-private, non-final, nested classes annotated with @Configuration.
08:29:08.899 [main] INFO org.springframework.boot.test.context.SpringBootTestContextBootstrapper -- Found @SpringBootConfiguration com.duoc.backend.BackendApplication for test class com.duoc.backend.WebSecurityConfigTest

  .   ____          _            __ _ _
 /\\ / ___'_ __ _ _(_)_ __  __ _ \ \ \ \
( ( )\___ | '_ | '_| | '_ \/ _` | \ \ \ \
 \\/  ___)| |_)| | | | | || (_| |  ) ) ) )
  '  |____| .__|_| |_|_| |_\__, | / / / /
 =========|_|==============|___/=/_/_/_/

 :: Spring Boot ::                (v4.0.3)

2026-04-30T08:29:09.506-04:00  INFO 9352 --- [backend] [           main] com.duoc.backend.WebSecurityConfigTest   : Starting WebSecurityConfigTest using Java 21.0.6 with PID 9352 (started by Sunnys in C:\Users\Sunnys\Downloads\cdy2203-backend-2026-201-main (2)\cdy2203-backend-2026-201-main)
2026-04-30T08:29:09.507-04:00 DEBUG 9352 --- [backend] [           main] com.duoc.backend.WebSecurityConfigTest   : Running with Spring Boot v4.0.3, Spring v7.0.5
2026-04-30T08:29:09.507-04:00  INFO 9352 --- [backend] [           main] com.duoc.backend.WebSecurityConfigTest   : The following 1 profile is active: "default"
2026-04-30T08:29:09.534-04:00 TRACE 9352 --- [backend] [           main] o.s.w.c.s.GenericWebApplicationContext   : Refreshing org.springframework.web.context.support.GenericWebApplicationContext@217c7135, started on Thu Apr 30 08:29:09 CLT 2026
2026-04-30T08:29:10.173-04:00 TRACE 9352 --- [backend] [           main] o.s.w.c.s.GenericWebApplicationContext   : No 'messageSource' bean, using [Empty MessageSource]
2026-04-30T08:29:10.174-04:00 TRACE 9352 --- [backend] [           main] o.s.w.c.s.GenericWebApplicationContext   : No 'applicationEventMulticaster' bean, using [SimpleApplicationEventMulticaster]
2026-04-30T08:29:10.427-04:00  WARN 9352 --- [backend] [           main] .s.a.UserDetailsServiceAutoConfiguration : 

Using generated security password: e1fc6afa-063b-427c-b932-40d321231c66

This generated password is for development use only. Your security configuration must be updated before running your application in production.

2026-04-30T08:29:10.437-04:00  INFO 9352 --- [backend] [           main] r$InitializeUserDetailsManagerConfigurer : Global AuthenticationManager configured with UserDetailsService bean with name inMemoryUserDetailsManager
2026-04-30T08:29:10.644-04:00  INFO 9352 --- [backend] [           main] o.s.v.b.OptionalValidatorFactoryBean     : Failed to set up a Bean Validation provider: jakarta.validation.NoProviderFoundException: Unable to create a Configuration, because no Jakarta Validation provider could be found. Add a provider like Hibernate Validator (RI) to your classpath.
2026-04-30T08:29:10.683-04:00 TRACE 9352 --- [backend] [           main] s.w.s.m.m.a.RequestMappingHandlerMapping : 
	c.d.t.TestSecurityEndpointsController:
	{GET [/login]}: loginGet()
	{POST [/login]}: loginPost()
	{GET [/private/test]}: privateEndpoint()
	{GET [/pets/test]}: pets()
2026-04-30T08:29:10.695-04:00 TRACE 9352 --- [backend] [           main] s.w.s.m.m.a.RequestMappingHandlerMapping : 
	o.s.b.w.a.e.BasicErrorController:
	{ [/error]}: error(HttpServletRequest)
	{ [/error], produces [text/html]}: errorHtml(HttpServletRequest,HttpServletResponse)
2026-04-30T08:29:10.700-04:00 DEBUG 9352 --- [backend] [           main] s.w.s.m.m.a.RequestMappingHandlerMapping : 6 mappings in 'requestMappingHandlerMapping'
2026-04-30T08:29:10.706-04:00 DEBUG 9352 --- [backend] [           main] o.s.w.s.h.BeanNameUrlHandlerMapping      : Detected 0 mappings in 'beanNameHandlerMapping'
2026-04-30T08:29:10.711-04:00 TRACE 9352 --- [backend] [           main] o.s.w.s.f.support.RouterFunctionMapping  : 0 RouterFunction(s) in 'routerFunctionMapping'
2026-04-30T08:29:10.724-04:00 TRACE 9352 --- [backend] [           main] o.s.w.s.handler.SimpleUrlHandlerMapping  : Mapped [/webjars/**] onto ResourceHttpRequestHandler [classpath [META-INF/resources/webjars/]]
2026-04-30T08:29:10.725-04:00 TRACE 9352 --- [backend] [           main] o.s.w.s.handler.SimpleUrlHandlerMapping  : Mapped [/**] onto ResourceHttpRequestHandler [classpath [META-INF/resources/], classpath [resources/], classpath [static/], classpath [public/], ServletContext [/]]
2026-04-30T08:29:10.725-04:00 DEBUG 9352 --- [backend] [           main] o.s.w.s.handler.SimpleUrlHandlerMapping  : Patterns [/webjars/**, /**] in 'resourceHandlerMapping'
2026-04-30T08:29:10.761-04:00 DEBUG 9352 --- [backend] [           main] s.w.s.m.m.a.RequestMappingHandlerAdapter : ControllerAdvice beans: 0 @ModelAttribute, 0 @InitBinder, 2 RequestBodyAdvice, 1 ResponseBodyAdvice
2026-04-30T08:29:10.830-04:00 DEBUG 9352 --- [backend] [           main] .m.m.a.ExceptionHandlerExceptionResolver : ControllerAdvice beans: 0 @ExceptionHandler, 1 ResponseBodyAdvice
2026-04-30T08:29:10.895-04:00 DEBUG 9352 --- [backend] [           main] c.duoc.backend.JWTAuthorizationFilter    : Filter 'JWTAuthorizationFilter' configured for use
2026-04-30T08:29:10.901-04:00  INFO 9352 --- [backend] [           main] o.s.b.t.m.w.SpringBootMockServletContext : Initializing Spring TestDispatcherServlet ''
2026-04-30T08:29:10.902-04:00  INFO 9352 --- [backend] [           main] o.s.t.web.servlet.TestDispatcherServlet  : Initializing Servlet ''
2026-04-30T08:29:10.903-04:00  INFO 9352 --- [backend] [           main] o.s.t.web.servlet.TestDispatcherServlet  : Completed initialization in 1 ms
2026-04-30T08:29:10.924-04:00 TRACE 9352 --- [backend] [           main] o.s.w.c.s.GenericWebApplicationContext   : No 'lifecycleProcessor' bean, using [DefaultLifecycleProcessor]
2026-04-30T08:29:10.931-04:00  INFO 9352 --- [backend] [           main] com.duoc.backend.WebSecurityConfigTest   : Started WebSecurityConfigTest in 1.934 seconds (process running for 6.046)
2026-04-30T08:29:10.994-04:00 TRACE 9352 --- [backend] [           main] s.w.s.m.m.a.RequestMappingHandlerMapping : Mapped to com.duoc.testsupport.TestSecurityEndpointsController#loginGet()
2026-04-30T08:29:11.007-04:00 TRACE 9352 --- [backend] [           main] o.s.web.method.HandlerMethod             : Arguments: []
2026-04-30T08:29:11.016-04:00 DEBUG 9352 --- [backend] [           main] m.m.a.RequestResponseBodyMethodProcessor : Using 'text/plain', given [*/*] and supported [text/plain, */*, application/json, application/*+json, application/yaml]
2026-04-30T08:29:11.017-04:00 TRACE 9352 --- [backend] [           main] m.m.a.RequestResponseBodyMethodProcessor : Writing ["login-get-ok"]
]]></system-out>
  </testcase>
  <testcase name="shouldDenyProtectedPathWithoutAuthentication" classname="com.duoc.backend.WebSecurityConfigTest" time="0.035"/>
  <testcase name="shouldAllowProtectedPathWithValidJwt" classname="com.duoc.backend.WebSecurityConfigTest" time="0.02">
    <system-out><![CDATA[2026-04-30T08:29:11.086-04:00 TRACE 9352 --- [backend] [           main] s.w.s.m.m.a.RequestMappingHandlerMapping : Mapped to com.duoc.testsupport.TestSecurityEndpointsController#privateEndpoint()
2026-04-30T08:29:11.087-04:00 TRACE 9352 --- [backend] [           main] o.s.web.method.HandlerMethod             : Arguments: []
2026-04-30T08:29:11.088-04:00 DEBUG 9352 --- [backend] [           main] m.m.a.RequestResponseBodyMethodProcessor : Using 'text/plain', given [*/*] and supported [text/plain, */*, application/json, application/*+json, application/yaml]
2026-04-30T08:29:11.088-04:00 TRACE 9352 --- [backend] [           main] m.m.a.RequestResponseBodyMethodProcessor : Writing ["private-ok"]
]]></system-out>
  </testcase>
  <testcase name="shouldAllowGetPetsPathWithoutAuthentication" classname="com.duoc.backend.WebSecurityConfigTest" time="0.014">
    <system-out><![CDATA[2026-04-30T08:29:11.105-04:00 TRACE 9352 --- [backend] [           main] s.w.s.m.m.a.RequestMappingHandlerMapping : Mapped to com.duoc.testsupport.TestSecurityEndpointsController#pets()
2026-04-30T08:29:11.106-04:00 TRACE 9352 --- [backend] [           main] o.s.web.method.HandlerMethod             : Arguments: []
2026-04-30T08:29:11.106-04:00 DEBUG 9352 --- [backend] [           main] m.m.a.RequestResponseBodyMethodProcessor : Using 'text/plain', given [*/*] and supported [text/plain, */*, application/json, application/*+json, application/yaml]
2026-04-30T08:29:11.106-04:00 TRACE 9352 --- [backend] [           main] m.m.a.RequestResponseBodyMethodProcessor : Writing ["pets-ok"]
]]></system-out>
  </testcase>
  <testcase name="shouldReturnForbiddenForMalformedJwtOnProtectedPath" classname="com.duoc.backend.WebSecurityConfigTest" time="0.011"/>
  <testcase name="shouldAllowPostLoginWithoutAuthentication" classname="com.duoc.backend.WebSecurityConfigTest" time="0.012">
    <system-out><![CDATA[2026-04-30T08:29:11.134-04:00 TRACE 9352 --- [backend] [           main] s.w.s.m.m.a.RequestMappingHandlerMapping : Mapped to com.duoc.testsupport.TestSecurityEndpointsController#loginPost()
2026-04-30T08:29:11.135-04:00 TRACE 9352 --- [backend] [           main] o.s.web.method.HandlerMethod             : Arguments: []
2026-04-30T08:29:11.135-04:00 DEBUG 9352 --- [backend] [           main] m.m.a.RequestResponseBodyMethodProcessor : Using 'text/plain', given [*/*] and supported [text/plain, */*, application/json, application/*+json, application/yaml]
2026-04-30T08:29:11.135-04:00 TRACE 9352 --- [backend] [           main] m.m.a.RequestResponseBodyMethodProcessor : Writing ["login-post-ok"]
]]></system-out>
  </testcase>
</testsuite>